CUDA is a parallel computing platform for computing on GPUs, https://developer.nvidia.com/cuda-toolkit
prepending to __UENV: cuda-12.2.0
setting env CUDA_HOME=/usr/local/_cuda/cuda-12.2.0_ubuntu20
prepending to PATH: /usr/local/_cuda/cuda-12.2.0_ubuntu20/bin
prepending to LD_LIBRARY_PATH: /usr/local/_cuda/cuda-12.2.0_ubuntu20/lib64


A GPU-accelerated library of primitives for deep neural networks, https://developer.nvidia.com/cudnn
prepending to __UENV: cudnn-12.x-8.8.0
prepending to LD_LIBRARY_PATH: /usr/local/_cuda/cudnn-12.x-8.8.0/lib



Retrieving notices: ...working... done
Collecting package metadata (current_repodata.json): ...working... done
Solving environment: ...working... failed with repodata from current_repodata.json, will retry with next repodata source.
Collecting package metadata (repodata.json): ...working... done
Solving environment: ...working... done

## Package Plan ##

  environment location: /home/stud/erik/.conda/envs/bert_cnn_cuda12

  added / updated specs:
    - pytorch
    - pytorch-cuda=12.1
    - torchaudio
    - torchvision


The following NEW packages will be INSTALLED:

  _libgcc_mutex      pkgs/main/linux-64::_libgcc_mutex-0.1-main 
  _openmp_mutex      pkgs/main/linux-64::_openmp_mutex-5.1-1_gnu 
  blas               pkgs/main/linux-64::blas-1.0-mkl 
  bzip2              pkgs/main/linux-64::bzip2-1.0.8-h5eee18b_5 
  ca-certificates    pkgs/main/linux-64::ca-certificates-2024.3.11-h06a4308_0 
  certifi            pkgs/main/linux-64::certifi-2024.2.2-py312h06a4308_0 
  charset-normalizer pkgs/main/noarch::charset-normalizer-2.0.4-pyhd3eb1b0_0 
  cuda-cudart        nvidia/linux-64::cuda-cudart-12.1.105-0 
  cuda-cupti         nvidia/linux-64::cuda-cupti-12.1.105-0 
  cuda-libraries     nvidia/linux-64::cuda-libraries-12.1.0-0 
  cuda-nvrtc         nvidia/linux-64::cuda-nvrtc-12.1.105-0 
  cuda-nvtx          nvidia/linux-64::cuda-nvtx-12.1.105-0 
  cuda-opencl        nvidia/linux-64::cuda-opencl-12.4.127-0 
  cuda-runtime       nvidia/linux-64::cuda-runtime-12.1.0-0 
  expat              pkgs/main/linux-64::expat-2.5.0-h6a678d5_0 
  ffmpeg             pytorch/linux-64::ffmpeg-4.3-hf484d3e_0 
  filelock           pkgs/main/linux-64::filelock-3.13.1-py312h06a4308_0 
  freetype           pkgs/main/linux-64::freetype-2.12.1-h4a9f257_0 
  gmp                pkgs/main/linux-64::gmp-6.2.1-h295c915_3 
  gnutls             pkgs/main/linux-64::gnutls-3.6.15-he1e5248_0 
  idna               pkgs/main/linux-64::idna-3.4-py312h06a4308_0 
  intel-openmp       pkgs/main/linux-64::intel-openmp-2023.1.0-hdb19cb5_46306 
  jinja2             pkgs/main/linux-64::jinja2-3.1.3-py312h06a4308_0 
  jpeg               pkgs/main/linux-64::jpeg-9e-h5eee18b_1 
  lame               pkgs/main/linux-64::lame-3.100-h7b6447c_0 
  lcms2              pkgs/main/linux-64::lcms2-2.12-h3be6417_0 
  ld_impl_linux-64   pkgs/main/linux-64::ld_impl_linux-64-2.38-h1181459_1 
  lerc               pkgs/main/linux-64::lerc-3.0-h295c915_0 
  libcublas          nvidia/linux-64::libcublas-12.1.0.26-0 
  libcufft           nvidia/linux-64::libcufft-11.0.2.4-0 
  libcufile          nvidia/linux-64::libcufile-1.9.1.3-0 
  libcurand          nvidia/linux-64::libcurand-10.3.5.147-0 
  libcusolver        nvidia/linux-64::libcusolver-11.4.4.55-0 
  libcusparse        nvidia/linux-64::libcusparse-12.0.2.55-0 
  libdeflate         pkgs/main/linux-64::libdeflate-1.17-h5eee18b_1 
  libffi             pkgs/main/linux-64::libffi-3.4.4-h6a678d5_0 
  libgcc-ng          pkgs/main/linux-64::libgcc-ng-11.2.0-h1234567_1 
  libgomp            pkgs/main/linux-64::libgomp-11.2.0-h1234567_1 
  libiconv           pkgs/main/linux-64::libiconv-1.16-h7f8727e_2 
  libidn2            pkgs/main/linux-64::libidn2-2.3.4-h5eee18b_0 
  libjpeg-turbo      pytorch/linux-64::libjpeg-turbo-2.0.0-h9bf148f_0 
  libnpp             nvidia/linux-64::libnpp-12.0.2.50-0 
  libnvjitlink       nvidia/linux-64::libnvjitlink-12.1.105-0 
  libnvjpeg          nvidia/linux-64::libnvjpeg-12.1.1.14-0 
  libpng             pkgs/main/linux-64::libpng-1.6.39-h5eee18b_0 
  libstdcxx-ng       pkgs/main/linux-64::libstdcxx-ng-11.2.0-h1234567_1 
  libtasn1           pkgs/main/linux-64::libtasn1-4.19.0-h5eee18b_0 
  libtiff            pkgs/main/linux-64::libtiff-4.5.1-h6a678d5_0 
  libunistring       pkgs/main/linux-64::libunistring-0.9.10-h27cfd23_0 
  libuuid            pkgs/main/linux-64::libuuid-1.41.5-h5eee18b_0 
  libwebp-base       pkgs/main/linux-64::libwebp-base-1.3.2-h5eee18b_0 
  llvm-openmp        pkgs/main/linux-64::llvm-openmp-14.0.6-h9e868ea_0 
  lz4-c              pkgs/main/linux-64::lz4-c-1.9.4-h6a678d5_0 
  markupsafe         pkgs/main/linux-64::markupsafe-2.1.3-py312h5eee18b_0 
  mkl                pkgs/main/linux-64::mkl-2023.1.0-h213fc3f_46344 
  mkl-service        pkgs/main/linux-64::mkl-service-2.4.0-py312h5eee18b_1 
  mkl_fft            pkgs/main/linux-64::mkl_fft-1.3.8-py312h5eee18b_0 
  mkl_random         pkgs/main/linux-64::mkl_random-1.2.4-py312hdb19cb5_0 
  mpmath             pkgs/main/linux-64::mpmath-1.3.0-py312h06a4308_0 
  ncurses            pkgs/main/linux-64::ncurses-6.4-h6a678d5_0 
  nettle             pkgs/main/linux-64::nettle-3.7.3-hbbd107a_1 
  networkx           pkgs/main/linux-64::networkx-3.1-py312h06a4308_0 
  numpy              pkgs/main/linux-64::numpy-1.26.4-py312hc5e2394_0 
  numpy-base         pkgs/main/linux-64::numpy-base-1.26.4-py312h0da6c21_0 
  openh264           pkgs/main/linux-64::openh264-2.1.1-h4ff587b_0 
  openjpeg           pkgs/main/linux-64::openjpeg-2.4.0-h3ad879b_0 
  openssl            pkgs/main/linux-64::openssl-3.0.13-h7f8727e_0 
  pillow             pkgs/main/linux-64::pillow-10.2.0-py312h5eee18b_0 
  pip                pkgs/main/linux-64::pip-23.3.1-py312h06a4308_0 
  python             pkgs/main/linux-64::python-3.12.2-h996f2a0_0 
  pytorch            pytorch/linux-64::pytorch-2.2.2-py3.12_cuda12.1_cudnn8.9.2_0 
  pytorch-cuda       pytorch/linux-64::pytorch-cuda-12.1-ha16c6d3_5 
  pytorch-mutex      pytorch/noarch::pytorch-mutex-1.0-cuda 
  pyyaml             pkgs/main/linux-64::pyyaml-6.0.1-py312h5eee18b_0 
  readline           pkgs/main/linux-64::readline-8.2-h5eee18b_0 
  requests           pkgs/main/linux-64::requests-2.31.0-py312h06a4308_1 
  setuptools         pkgs/main/linux-64::setuptools-68.2.2-py312h06a4308_0 
  sqlite             pkgs/main/linux-64::sqlite-3.41.2-h5eee18b_0 
  sympy              pkgs/main/linux-64::sympy-1.12-py312h06a4308_0 
  tbb                pkgs/main/linux-64::tbb-2021.8.0-hdb19cb5_0 
  tk                 pkgs/main/linux-64::tk-8.6.12-h1ccaba5_0 
  torchaudio         pytorch/linux-64::torchaudio-2.2.2-py312_cu121 
  torchvision        pytorch/linux-64::torchvision-0.17.2-py312_cu121 
  typing_extensions  pkgs/main/linux-64::typing_extensions-4.9.0-py312h06a4308_1 
  tzdata             pkgs/main/noarch::tzdata-2024a-h04d1e81_0 
  urllib3            pkgs/main/linux-64::urllib3-2.1.0-py312h06a4308_0 
  wheel              pkgs/main/linux-64::wheel-0.41.2-py312h06a4308_0 
  xz                 pkgs/main/linux-64::xz-5.4.6-h5eee18b_0 
  yaml               pkgs/main/linux-64::yaml-0.2.5-h7b6447c_0 
  zlib               pkgs/main/linux-64::zlib-1.2.13-h5eee18b_0 
  zstd               pkgs/main/linux-64::zstd-1.5.5-hc292b87_0 



Downloading and Extracting Packages

Preparing transaction: ...working... done
Verifying transaction: ...working... done
Executing transaction: ...working... done
#
# To activate this environment, use
#
#     $ conda activate bert_cnn_cuda12
#
# To deactivate an active environment, use
#
#     $ conda deactivate

Requirement already satisfied: torch in /home/stud/erik/.conda/envs/bert_cnn_cuda12/lib/python3.12/site-packages (from -r requirements.txt (line 1)) (2.2.2)
Requirement already satisfied: numpy in /home/stud/erik/.conda/envs/bert_cnn_cuda12/lib/python3.12/site-packages (from -r requirements.txt (line 2)) (1.26.4)
Collecting tqdm (from -r requirements.txt (line 3))
  Using cached tqdm-4.66.2-py3-none-any.whl.metadata (57 kB)
Collecting pandas (from -r requirements.txt (line 4))
  Downloading pandas-2.2.2-cp312-cp312-manylinux_2_17_x86_64.manylinux2014_x86_64.whl.metadata (19 kB)
Requirement already satisfied: urllib3 in /home/stud/erik/.conda/envs/bert_cnn_cuda12/lib/python3.12/site-packages (from -r requirements.txt (line 5)) (2.1.0)
Collecting lightning (from -r requirements.txt (line 6))
  Downloading lightning-2.2.2-py3-none-any.whl.metadata (53 kB)
     ━━━━━━━━━━━━━━━━━━━━━━━━━━━━━━━━━━━━━━━ 53.4/53.4 kB 183.3 kB/s eta 0:00:00
Collecting scikit-learn (from -r requirements.txt (line 7))
  Using cached scikit_learn-1.4.2-cp312-cp312-manylinux_2_17_x86_64.manylinux2014_x86_64.whl.metadata (11 kB)
Collecting plotly (from -r requirements.txt (line 8))
  Using cached plotly-5.20.0-py3-none-any.whl.metadata (7.0 kB)
Collecting nbconvert (from -r requirements.txt (line 9))
  Using cached nbconvert-7.16.3-py3-none-any.whl.metadata (8.2 kB)
Collecting wandb (from -r requirements.txt (line 10))
  Using cached wandb-0.16.6-py3-none-any.whl.metadata (10 kB)
Requirement already satisfied: Pillow in /home/stud/erik/.conda/envs/bert_cnn_cuda12/lib/python3.12/site-packages (from -r requirements.txt (line 11)) (10.2.0)
Collecting opencv-python (from -r requirements.txt (line 12))
  Using cached opencv_python-4.9.0.80-cp37-abi3-manylinux_2_17_x86_64.manylinux2014_x86_64.whl.metadata (20 kB)
Requirement already satisfied: torchvision in /home/stud/erik/.conda/envs/bert_cnn_cuda12/lib/python3.12/site-packages (from -r requirements.txt (line 13)) (0.17.2)
Collecting transformers (from -r requirements.txt (line 14))
  Using cached transformers-4.39.3-py3-none-any.whl.metadata (134 kB)
Collecting sentencepiece (from -r requirements.txt (line 15))
  Downloading sentencepiece-0.2.0-cp312-cp312-manylinux_2_17_x86_64.manylinux2014_x86_64.whl.metadata (7.7 kB)
Requirement already satisfied: filelock in /home/stud/erik/.conda/envs/bert_cnn_cuda12/lib/python3.12/site-packages (from torch->-r requirements.txt (line 1)) (3.13.1)
Requirement already satisfied: typing-extensions>=4.8.0 in /home/stud/erik/.conda/envs/bert_cnn_cuda12/lib/python3.12/site-packages (from torch->-r requirements.txt (line 1)) (4.9.0)
Requirement already satisfied: sympy in /home/stud/erik/.conda/envs/bert_cnn_cuda12/lib/python3.12/site-packages (from torch->-r requirements.txt (line 1)) (1.12)
Requirement already satisfied: networkx in /home/stud/erik/.conda/envs/bert_cnn_cuda12/lib/python3.12/site-packages (from torch->-r requirements.txt (line 1)) (3.1)
Requirement already satisfied: jinja2 in /home/stud/erik/.conda/envs/bert_cnn_cuda12/lib/python3.12/site-packages (from torch->-r requirements.txt (line 1)) (3.1.3)
Collecting fsspec (from torch->-r requirements.txt (line 1))
  Using cached fsspec-2024.3.1-py3-none-any.whl.metadata (6.8 kB)
Collecting python-dateutil>=2.8.2 (from pandas->-r requirements.txt (line 4))
  Using cached python_dateutil-2.9.0.post0-py2.py3-none-any.whl.metadata (8.4 kB)
Collecting pytz>=2020.1 (from pandas->-r requirements.txt (line 4))
  Using cached pytz-2024.1-py2.py3-none-any.whl.metadata (22 kB)
Collecting tzdata>=2022.7 (from pandas->-r requirements.txt (line 4))
  Using cached tzdata-2024.1-py2.py3-none-any.whl.metadata (1.4 kB)
Requirement already satisfied: PyYAML<8.0,>=5.4 in /home/stud/erik/.conda/envs/bert_cnn_cuda12/lib/python3.12/site-packages (from lightning->-r requirements.txt (line 6)) (6.0.1)
Collecting lightning-utilities<2.0,>=0.8.0 (from lightning->-r requirements.txt (line 6))
  Using cached lightning_utilities-0.11.2-py3-none-any.whl.metadata (4.7 kB)
Collecting packaging<25.0,>=20.0 (from lightning->-r requirements.txt (line 6))
  Using cached packaging-24.0-py3-none-any.whl.metadata (3.2 kB)
Collecting torchmetrics<3.0,>=0.7.0 (from lightning->-r requirements.txt (line 6))
  Using cached torchmetrics-1.3.2-py3-none-any.whl.metadata (19 kB)
Collecting pytorch-lightning (from lightning->-r requirements.txt (line 6))
  Downloading pytorch_lightning-2.2.2-py3-none-any.whl.metadata (21 kB)
Collecting scipy>=1.6.0 (from scikit-learn->-r requirements.txt (line 7))
  Using cached scipy-1.13.0-cp312-cp312-manylinux_2_17_x86_64.manylinux2014_x86_64.whl.metadata (60 kB)
Collecting joblib>=1.2.0 (from scikit-learn->-r requirements.txt (line 7))
  Using cached joblib-1.4.0-py3-none-any.whl.metadata (5.4 kB)
Collecting threadpoolctl>=2.0.0 (from scikit-learn->-r requirements.txt (line 7))
  Using cached threadpoolctl-3.4.0-py3-none-any.whl.metadata (13 kB)
Collecting tenacity>=6.2.0 (from plotly->-r requirements.txt (line 8))
  Using cached tenacity-8.2.3-py3-none-any.whl.metadata (1.0 kB)
Collecting beautifulsoup4 (from nbconvert->-r requirements.txt (line 9))
  Using cached beautifulsoup4-4.12.3-py3-none-any.whl.metadata (3.8 kB)
Collecting bleach!=5.0.0 (from nbconvert->-r requirements.txt (line 9))
  Using cached bleach-6.1.0-py3-none-any.whl.metadata (30 kB)
Collecting defusedxml (from nbconvert->-r requirements.txt (line 9))
  Using cached defusedxml-0.7.1-py2.py3-none-any.whl.metadata (32 kB)
Collecting jupyter-core>=4.7 (from nbconvert->-r requirements.txt (line 9))
  Using cached jupyter_core-5.7.2-py3-none-any.whl.metadata (3.4 kB)
Collecting jupyterlab-pygments (from nbconvert->-r requirements.txt (line 9))
  Using cached jupyterlab_pygments-0.3.0-py3-none-any.whl.metadata (4.4 kB)
Requirement already satisfied: markupsafe>=2.0 in /home/stud/erik/.conda/envs/bert_cnn_cuda12/lib/python3.12/site-packages (from nbconvert->-r requirements.txt (line 9)) (2.1.3)
Collecting mistune<4,>=2.0.3 (from nbconvert->-r requirements.txt (line 9))
  Using cached mistune-3.0.2-py3-none-any.whl.metadata (1.7 kB)
Collecting nbclient>=0.5.0 (from nbconvert->-r requirements.txt (line 9))
  Using cached nbclient-0.10.0-py3-none-any.whl.metadata (7.8 kB)
Collecting nbformat>=5.7 (from nbconvert->-r requirements.txt (line 9))
  Using cached nbformat-5.10.4-py3-none-any.whl.metadata (3.6 kB)
Collecting pandocfilters>=1.4.1 (from nbconvert->-r requirements.txt (line 9))
  Using cached pandocfilters-1.5.1-py2.py3-none-any.whl.metadata (9.0 kB)
Collecting pygments>=2.4.1 (from nbconvert->-r requirements.txt (line 9))
  Using cached pygments-2.17.2-py3-none-any.whl.metadata (2.6 kB)
Collecting tinycss2 (from nbconvert->-r requirements.txt (line 9))
  Using cached tinycss2-1.2.1-py3-none-any.whl.metadata (3.0 kB)
Collecting traitlets>=5.1 (from nbconvert->-r requirements.txt (line 9))
  Using cached traitlets-5.14.2-py3-none-any.whl.metadata (10 kB)
Collecting Click!=8.0.0,>=7.1 (from wandb->-r requirements.txt (line 10))
  Using cached click-8.1.7-py3-none-any.whl.metadata (3.0 kB)
Collecting GitPython!=3.1.29,>=1.0.0 (from wandb->-r requirements.txt (line 10))
  Using cached GitPython-3.1.43-py3-none-any.whl.metadata (13 kB)
Requirement already satisfied: requests<3,>=2.0.0 in /home/stud/erik/.conda/envs/bert_cnn_cuda12/lib/python3.12/site-packages (from wandb->-r requirements.txt (line 10)) (2.31.0)
Collecting psutil>=5.0.0 (from wandb->-r requirements.txt (line 10))
  Using cached psutil-5.9.8-cp36-abi3-manylinux_2_12_x86_64.manylinux2010_x86_64.manylinux_2_17_x86_64.manylinux2014_x86_64.whl.metadata (21 kB)
Collecting sentry-sdk>=1.0.0 (from wandb->-r requirements.txt (line 10))
  Using cached sentry_sdk-1.45.0-py2.py3-none-any.whl.metadata (9.9 kB)
Collecting docker-pycreds>=0.4.0 (from wandb->-r requirements.txt (line 10))
  Using cached docker_pycreds-0.4.0-py2.py3-none-any.whl.metadata (1.8 kB)
Collecting setproctitle (from wandb->-r requirements.txt (line 10))
  Using cached setproctitle-1.3.3-cp312-cp312-manylinux_2_5_x86_64.manylinux1_x86_64.manylinux_2_17_x86_64.manylinux2014_x86_64.whl.metadata (9.9 kB)
Requirement already satisfied: setuptools in /home/stud/erik/.conda/envs/bert_cnn_cuda12/lib/python3.12/site-packages (from wandb->-r requirements.txt (line 10)) (68.2.2)
Collecting appdirs>=1.4.3 (from wandb->-r requirements.txt (line 10))
  Using cached appdirs-1.4.4-py2.py3-none-any.whl.metadata (9.0 kB)
Collecting protobuf!=4.21.0,<5,>=3.19.0 (from wandb->-r requirements.txt (line 10))
  Using cached protobuf-4.25.3-cp37-abi3-manylinux2014_x86_64.whl.metadata (541 bytes)
Collecting huggingface-hub<1.0,>=0.19.3 (from transformers->-r requirements.txt (line 14))
  Using cached huggingface_hub-0.22.2-py3-none-any.whl.metadata (12 kB)
Collecting regex!=2019.12.17 (from transformers->-r requirements.txt (line 14))
  Using cached regex-2023.12.25-cp312-cp312-manylinux_2_17_x86_64.manylinux2014_x86_64.whl.metadata (40 kB)
Collecting tokenizers<0.19,>=0.14 (from transformers->-r requirements.txt (line 14))
  Using cached tokenizers-0.15.2-cp312-cp312-manylinux_2_17_x86_64.manylinux2014_x86_64.whl.metadata (6.7 kB)
Collecting safetensors>=0.4.1 (from transformers->-r requirements.txt (line 14))
  Using cached safetensors-0.4.2-cp312-cp312-manylinux_2_17_x86_64.manylinux2014_x86_64.whl.metadata (3.8 kB)
Collecting six>=1.9.0 (from bleach!=5.0.0->nbconvert->-r requirements.txt (line 9))
  Using cached six-1.16.0-py2.py3-none-any.whl.metadata (1.8 kB)
Collecting webencodings (from bleach!=5.0.0->nbconvert->-r requirements.txt (line 9))
  Using cached webencodings-0.5.1-py2.py3-none-any.whl.metadata (2.1 kB)
Collecting aiohttp!=4.0.0a0,!=4.0.0a1 (from fsspec[http]<2025.0,>=2022.5.0->lightning->-r requirements.txt (line 6))
  Downloading aiohttp-3.9.4-cp312-cp312-manylinux_2_17_x86_64.manylinux2014_x86_64.whl.metadata (7.5 kB)
Collecting gitdb<5,>=4.0.1 (from GitPython!=3.1.29,>=1.0.0->wandb->-r requirements.txt (line 10))
  Using cached gitdb-4.0.11-py3-none-any.whl.metadata (1.2 kB)
Collecting platformdirs>=2.5 (from jupyter-core>=4.7->nbconvert->-r requirements.txt (line 9))
  Using cached platformdirs-4.2.0-py3-none-any.whl.metadata (11 kB)
Collecting jupyter-client>=6.1.12 (from nbclient>=0.5.0->nbconvert->-r requirements.txt (line 9))
  Using cached jupyter_client-8.6.1-py3-none-any.whl.metadata (8.3 kB)
Collecting fastjsonschema>=2.15 (from nbformat>=5.7->nbconvert->-r requirements.txt (line 9))
  Using cached fastjsonschema-2.19.1-py3-none-any.whl.metadata (2.1 kB)
Collecting jsonschema>=2.6 (from nbformat>=5.7->nbconvert->-r requirements.txt (line 9))
  Using cached jsonschema-4.21.1-py3-none-any.whl.metadata (7.8 kB)
Requirement already satisfied: charset-normalizer<4,>=2 in /home/stud/erik/.conda/envs/bert_cnn_cuda12/lib/python3.12/site-packages (from requests<3,>=2.0.0->wandb->-r requirements.txt (line 10)) (2.0.4)
Requirement already satisfied: idna<4,>=2.5 in /home/stud/erik/.conda/envs/bert_cnn_cuda12/lib/python3.12/site-packages (from requests<3,>=2.0.0->wandb->-r requirements.txt (line 10)) (3.4)
Requirement already satisfied: certifi>=2017.4.17 in /home/stud/erik/.conda/envs/bert_cnn_cuda12/lib/python3.12/site-packages (from requests<3,>=2.0.0->wandb->-r requirements.txt (line 10)) (2024.2.2)
Collecting soupsieve>1.2 (from beautifulsoup4->nbconvert->-r requirements.txt (line 9))
  Using cached soupsieve-2.5-py3-none-any.whl.metadata (4.7 kB)
Requirement already satisfied: mpmath>=0.19 in /home/stud/erik/.conda/envs/bert_cnn_cuda12/lib/python3.12/site-packages (from sympy->torch->-r requirements.txt (line 1)) (1.3.0)
Collecting aiosignal>=1.1.2 (from aiohttp!=4.0.0a0,!=4.0.0a1->fsspec[http]<2025.0,>=2022.5.0->lightning->-r requirements.txt (line 6))
  Using cached aiosignal-1.3.1-py3-none-any.whl.metadata (4.0 kB)
Collecting attrs>=17.3.0 (from aiohttp!=4.0.0a0,!=4.0.0a1->fsspec[http]<2025.0,>=2022.5.0->lightning->-r requirements.txt (line 6))
  Using cached attrs-23.2.0-py3-none-any.whl.metadata (9.5 kB)
Collecting frozenlist>=1.1.1 (from aiohttp!=4.0.0a0,!=4.0.0a1->fsspec[http]<2025.0,>=2022.5.0->lightning->-r requirements.txt (line 6))
  Using cached frozenlist-1.4.1-cp312-cp312-manylinux_2_5_x86_64.manylinux1_x86_64.manylinux_2_17_x86_64.manylinux2014_x86_64.whl.metadata (12 kB)
Collecting multidict<7.0,>=4.5 (from aiohttp!=4.0.0a0,!=4.0.0a1->fsspec[http]<2025.0,>=2022.5.0->lightning->-r requirements.txt (line 6))
  Using cached multidict-6.0.5-cp312-cp312-manylinux_2_17_x86_64.manylinux2014_x86_64.whl.metadata (4.2 kB)
Collecting yarl<2.0,>=1.0 (from aiohttp!=4.0.0a0,!=4.0.0a1->fsspec[http]<2025.0,>=2022.5.0->lightning->-r requirements.txt (line 6))
  Using cached yarl-1.9.4-cp312-cp312-manylinux_2_17_x86_64.manylinux2014_x86_64.whl.metadata (31 kB)
Collecting smmap<6,>=3.0.1 (from gitdb<5,>=4.0.1->GitPython!=3.1.29,>=1.0.0->wandb->-r requirements.txt (line 10))
  Using cached smmap-5.0.1-py3-none-any.whl.metadata (4.3 kB)
Collecting jsonschema-specifications>=2023.03.6 (from jsonschema>=2.6->nbformat>=5.7->nbconvert->-r requirements.txt (line 9))
  Using cached jsonschema_specifications-2023.12.1-py3-none-any.whl.metadata (3.0 kB)
Collecting referencing>=0.28.4 (from jsonschema>=2.6->nbformat>=5.7->nbconvert->-r requirements.txt (line 9))
  Using cached referencing-0.34.0-py3-none-any.whl.metadata (2.8 kB)
Collecting rpds-py>=0.7.1 (from jsonschema>=2.6->nbformat>=5.7->nbconvert->-r requirements.txt (line 9))
  Using cached rpds_py-0.18.0-cp312-cp312-manylinux_2_17_x86_64.manylinux2014_x86_64.whl.metadata (4.1 kB)
Collecting pyzmq>=23.0 (from jupyter-client>=6.1.12->nbclient>=0.5.0->nbconvert->-r requirements.txt (line 9))
  Using cached pyzmq-25.1.2-cp312-cp312-manylinux_2_28_x86_64.whl.metadata (4.9 kB)
Collecting tornado>=6.2 (from jupyter-client>=6.1.12->nbclient>=0.5.0->nbconvert->-r requirements.txt (line 9))
  Using cached tornado-6.4-cp38-abi3-manylinux_2_5_x86_64.manylinux1_x86_64.manylinux_2_17_x86_64.manylinux2014_x86_64.whl.metadata (2.5 kB)
Using cached tqdm-4.66.2-py3-none-any.whl (78 kB)
Downloading pandas-2.2.2-cp312-cp312-manylinux_2_17_x86_64.manylinux2014_x86_64.whl (12.7 MB)
   ━━━━━━━━━━━━━━━━━━━━━━━━━━━━━━━━━━━━━━━━ 12.7/12.7 MB 21.6 MB/s eta 0:00:00
Downloading lightning-2.2.2-py3-none-any.whl (2.0 MB)
   ━━━━━━━━━━━━━━━━━━━━━━━━━━━━━━━━━━━━━━━━ 2.0/2.0 MB 7.0 MB/s eta 0:00:00
Using cached scikit_learn-1.4.2-cp312-cp312-manylinux_2_17_x86_64.manylinux2014_x86_64.whl (12.2 MB)
Using cached plotly-5.20.0-py3-none-any.whl (15.7 MB)
Using cached nbconvert-7.16.3-py3-none-any.whl (257 kB)
Using cached wandb-0.16.6-py3-none-any.whl (2.2 MB)
Using cached opencv_python-4.9.0.80-cp37-abi3-manylinux_2_17_x86_64.manylinux2014_x86_64.whl (62.2 MB)
Using cached transformers-4.39.3-py3-none-any.whl (8.8 MB)
Downloading sentencepiece-0.2.0-cp312-cp312-manylinux_2_17_x86_64.manylinux2014_x86_64.whl (1.3 MB)
   ━━━━━━━━━━━━━━━━━━━━━━━━━━━━━━━━━━━━━━━━ 1.3/1.3 MB 3.7 MB/s eta 0:00:00
Using cached appdirs-1.4.4-py2.py3-none-any.whl (9.6 kB)
Using cached bleach-6.1.0-py3-none-any.whl (162 kB)
Using cached click-8.1.7-py3-none-any.whl (97 kB)
Using cached docker_pycreds-0.4.0-py2.py3-none-any.whl (9.0 kB)
Using cached fsspec-2024.3.1-py3-none-any.whl (171 kB)
Using cached GitPython-3.1.43-py3-none-any.whl (207 kB)
Using cached huggingface_hub-0.22.2-py3-none-any.whl (388 kB)
Using cached joblib-1.4.0-py3-none-any.whl (301 kB)
Using cached jupyter_core-5.7.2-py3-none-any.whl (28 kB)
Using cached lightning_utilities-0.11.2-py3-none-any.whl (26 kB)
Using cached mistune-3.0.2-py3-none-any.whl (47 kB)
Using cached nbclient-0.10.0-py3-none-any.whl (25 kB)
Using cached nbformat-5.10.4-py3-none-any.whl (78 kB)
Using cached packaging-24.0-py3-none-any.whl (53 kB)
Using cached pandocfilters-1.5.1-py2.py3-none-any.whl (8.7 kB)
Using cached protobuf-4.25.3-cp37-abi3-manylinux2014_x86_64.whl (294 kB)
Using cached psutil-5.9.8-cp36-abi3-manylinux_2_12_x86_64.manylinux2010_x86_64.manylinux_2_17_x86_64.manylinux2014_x86_64.whl (288 kB)
Using cached pygments-2.17.2-py3-none-any.whl (1.2 MB)
Using cached python_dateutil-2.9.0.post0-py2.py3-none-any.whl (229 kB)
Using cached pytz-2024.1-py2.py3-none-any.whl (505 kB)
Using cached regex-2023.12.25-cp312-cp312-manylinux_2_17_x86_64.manylinux2014_x86_64.whl (789 kB)
Using cached safetensors-0.4.2-cp312-cp312-manylinux_2_17_x86_64.manylinux2014_x86_64.whl (1.3 MB)
Using cached scipy-1.13.0-cp312-cp312-manylinux_2_17_x86_64.manylinux2014_x86_64.whl (38.2 MB)
Using cached sentry_sdk-1.45.0-py2.py3-none-any.whl (267 kB)
Using cached tenacity-8.2.3-py3-none-any.whl (24 kB)
Using cached threadpoolctl-3.4.0-py3-none-any.whl (17 kB)
Using cached tokenizers-0.15.2-cp312-cp312-manylinux_2_17_x86_64.manylinux2014_x86_64.whl (3.6 MB)
Using cached torchmetrics-1.3.2-py3-none-any.whl (841 kB)
Using cached traitlets-5.14.2-py3-none-any.whl (85 kB)
Using cached tzdata-2024.1-py2.py3-none-any.whl (345 kB)
Using cached beautifulsoup4-4.12.3-py3-none-any.whl (147 kB)
Using cached defusedxml-0.7.1-py2.py3-none-any.whl (25 kB)
Using cached jupyterlab_pygments-0.3.0-py3-none-any.whl (15 kB)
Downloading pytorch_lightning-2.2.2-py3-none-any.whl (801 kB)
   ━━━━━━━━━━━━━━━━━━━━━━━━━━━━━━━━━━━━━━━━ 801.9/801.9 kB 2.3 MB/s eta 0:00:00
Using cached setproctitle-1.3.3-cp312-cp312-manylinux_2_5_x86_64.manylinux1_x86_64.manylinux_2_17_x86_64.manylinux2014_x86_64.whl (31 kB)
Using cached tinycss2-1.2.1-py3-none-any.whl (21 kB)
Downloading aiohttp-3.9.4-cp312-cp312-manylinux_2_17_x86_64.manylinux2014_x86_64.whl (1.3 MB)
   ━━━━━━━━━━━━━━━━━━━━━━━━━━━━━━━━━━━━━━━━ 1.3/1.3 MB 5.1 MB/s eta 0:00:00
Using cached fastjsonschema-2.19.1-py3-none-any.whl (23 kB)
Using cached gitdb-4.0.11-py3-none-any.whl (62 kB)
Using cached jsonschema-4.21.1-py3-none-any.whl (85 kB)
Using cached jupyter_client-8.6.1-py3-none-any.whl (105 kB)
Using cached platformdirs-4.2.0-py3-none-any.whl (17 kB)
Using cached six-1.16.0-py2.py3-none-any.whl (11 kB)
Using cached soupsieve-2.5-py3-none-any.whl (36 kB)
Using cached webencodings-0.5.1-py2.py3-none-any.whl (11 kB)
Using cached aiosignal-1.3.1-py3-none-any.whl (7.6 kB)
Using cached attrs-23.2.0-py3-none-any.whl (60 kB)
Using cached frozenlist-1.4.1-cp312-cp312-manylinux_2_5_x86_64.manylinux1_x86_64.manylinux_2_17_x86_64.manylinux2014_x86_64.whl (281 kB)
Using cached jsonschema_specifications-2023.12.1-py3-none-any.whl (18 kB)
Using cached multidict-6.0.5-cp312-cp312-manylinux_2_17_x86_64.manylinux2014_x86_64.whl (130 kB)
Using cached pyzmq-25.1.2-cp312-cp312-manylinux_2_28_x86_64.whl (1.1 MB)
Using cached referencing-0.34.0-py3-none-any.whl (26 kB)
Using cached rpds_py-0.18.0-cp312-cp312-manylinux_2_17_x86_64.manylinux2014_x86_64.whl (1.1 MB)
Using cached smmap-5.0.1-py3-none-any.whl (24 kB)
Using cached tornado-6.4-cp38-abi3-manylinux_2_5_x86_64.manylinux1_x86_64.manylinux_2_17_x86_64.manylinux2014_x86_64.whl (435 kB)
Using cached yarl-1.9.4-cp312-cp312-manylinux_2_17_x86_64.manylinux2014_x86_64.whl (322 kB)
Installing collected packages: webencodings, sentencepiece, pytz, fastjsonschema, appdirs, tzdata, traitlets, tqdm, tornado, tinycss2, threadpoolctl, tenacity, soupsieve, smmap, six, setproctitle, sentry-sdk, scipy, safetensors, rpds-py, regex, pyzmq, pygments, psutil, protobuf, platformdirs, pandocfilters, packaging, opencv-python, multidict, mistune, jupyterlab-pygments, joblib, fsspec, frozenlist, defusedxml, Click, attrs, yarl, scikit-learn, referencing, python-dateutil, plotly, lightning-utilities, jupyter-core, huggingface-hub, gitdb, docker-pycreds, bleach, beautifulsoup4, aiosignal, torchmetrics, tokenizers, pandas, jupyter-client, jsonschema-specifications, GitPython, aiohttp, wandb, transformers, jsonschema, pytorch-lightning, nbformat, nbclient, lightning, nbconvert
Successfully installed Click-8.1.7 GitPython-3.1.43 aiohttp-3.9.4 aiosignal-1.3.1 appdirs-1.4.4 attrs-23.2.0 beautifulsoup4-4.12.3 bleach-6.1.0 defusedxml-0.7.1 docker-pycreds-0.4.0 fastjsonschema-2.19.1 frozenlist-1.4.1 fsspec-2024.3.1 gitdb-4.0.11 huggingface-hub-0.22.2 joblib-1.4.0 jsonschema-4.21.1 jsonschema-specifications-2023.12.1 jupyter-client-8.6.1 jupyter-core-5.7.2 jupyterlab-pygments-0.3.0 lightning-2.2.2 lightning-utilities-0.11.2 mistune-3.0.2 multidict-6.0.5 nbclient-0.10.0 nbconvert-7.16.3 nbformat-5.10.4 opencv-python-4.9.0.80 packaging-24.0 pandas-2.2.2 pandocfilters-1.5.1 platformdirs-4.2.0 plotly-5.20.0 protobuf-4.25.3 psutil-5.9.8 pygments-2.17.2 python-dateutil-2.9.0.post0 pytorch-lightning-2.2.2 pytz-2024.1 pyzmq-25.1.2 referencing-0.34.0 regex-2023.12.25 rpds-py-0.18.0 safetensors-0.4.2 scikit-learn-1.4.2 scipy-1.13.0 sentencepiece-0.2.0 sentry-sdk-1.45.0 setproctitle-1.3.3 six-1.16.0 smmap-5.0.1 soupsieve-2.5 tenacity-8.2.3 threadpoolctl-3.4.0 tinycss2-1.2.1 tokenizers-0.15.2 torchmetrics-1.3.2 tornado-6.4 tqdm-4.66.2 traitlets-5.14.2 transformers-4.39.3 tzdata-2024.1 wandb-0.16.6 webencodings-0.5.1 yarl-1.9.4
